Picked up JAVA_TOOL_OPTIONS: -Dstdout.encoding=UTF-8 -Dstderr.encoding=UTF-8
[INFO] Scanning for projects...
[INFO] 
[INFO] ------------< org.springframework.samples:spring-petclinic >------------
[INFO] Building petclinic 3.5.0-SNAPSHOT
[INFO]   from pom.xml
[INFO] --------------------------------[ jar ]---------------------------------
[INFO] 
[INFO] >>> spring-boot:3.5.0:run (default-cli) > test-compile @ spring-petclinic >>>
[INFO] 
[INFO] --- enforcer:3.5.0:enforce (enforce-java) @ spring-petclinic ---
[INFO] Rule 0: org.apache.maven.enforcer.rules.version.RequireJavaVersion passed
[INFO] 
[INFO] --- checkstyle:3.6.0:check (nohttp-checkstyle-validation) @ spring-petclinic ---
[INFO] You have 0 Checkstyle violations.
[INFO] 
[INFO] --- jacoco:0.8.13:prepare-agent (default) @ spring-petclinic ---
[INFO] argLine set to -javaagent:C:\\Users\\SHVikram\\.m2\\repository\\org\\jacoco\\org.jacoco.agent\\0.8.13\\org.jacoco.agent-0.8.13-runtime.jar=destfile=c:\\Development\\codebase\\spring-petclinic-main\\target\\jacoco.exec
[INFO] 
[INFO] --- git-commit-id:9.0.1:revision (default) @ spring-petclinic ---
[INFO] dotGitDirectory is null, aborting execution!
[INFO] Collected git.build.time with value 2024-11-28T20:07:52+05:30
[INFO] Collected git.build.version with value 3.5.0-SNAPSHOT
[INFO] Collected git.build.host with value INCH539666
[INFO] including property 'git.build.version' in results
[INFO] including property 'git.build.host' in results
[INFO] including property 'git.build.time' in results
[INFO] Reading existing properties file [c:\Development\codebase\spring-petclinic-main\target\classes\git.properties] (for project petclinic)...
[INFO] Properties file [c:\Development\codebase\spring-petclinic-main\target\classes\git.properties] is up-to-date (for module petclinic)...
[INFO] 
[INFO] --- spring-boot:3.5.0:build-info (default) @ spring-petclinic ---
[INFO] 
[INFO] --- cyclonedx:2.9.1:makeAggregateBom (default) @ spring-petclinic ---
[INFO] CycloneDX: Resolving Dependencies
[INFO] CycloneDX: Creating BOM version 1.6 with 94 component(s)
[INFO] CycloneDX: Writing and validating BOM (JSON): c:\Development\codebase\spring-petclinic-main\target\classes\META-INF\sbom\application.cdx.json
[WARNING] Unknown keyword meta:enum - you should define your own Meta Schema. If the keyword is irrelevant for validation, just use a NonValidationKeyword or if it should generate annotations AnnotationKeyword
[WARNING] Unknown keyword deprecated - you should define your own Meta Schema. If the keyword is irrelevant for validation, just use a NonValidationKeyword or if it should generate annotations AnnotationKeyword
[INFO]            attaching as spring-petclinic-3.5.0-SNAPSHOT-cyclonedx.json
[INFO] 
[INFO] --- resources:3.3.1:resources (default-resources) @ spring-petclinic ---
[INFO] Copying 3 resources from src\main\resources to target\classes
[INFO] Copying 51 resources from src\main\resources to target\classes
[INFO] 
[INFO] --- compiler:3.14.0:compile (default-compile) @ spring-petclinic ---
[INFO] Nothing to compile - all classes are up to date.
[INFO] 
[INFO] --- resources:3.3.1:testResources (default-testResources) @ spring-petclinic ---
[INFO] skip non existing resourceDirectory c:\Development\codebase\spring-petclinic-main\src\test\resources
[INFO] 
[INFO] --- compiler:3.14.0:testCompile (default-testCompile) @ spring-petclinic ---
[INFO] No sources to compile
[INFO] 
[INFO] <<< spring-boot:3.5.0:run (default-cli) < test-compile @ spring-petclinic <<<
[INFO] 
[INFO] 
[INFO] --- spring-boot:3.5.0:run (default-cli) @ spring-petclinic ---
[INFO] Attaching agents: []
Picked up JAVA_TOOL_OPTIONS: -Dstdout.encoding=UTF-8 -Dstderr.encoding=UTF-8


              |\      _,,,--,,_
             /,`.-'`'   ._  \-;;,_
  _______ __|,4-  ) )_   .;.(__`'-'__     ___ __    _ ___ _______
 |       | '---''(_/._)-'(_\_)   |   |   |   |  |  | |   |       |
 |    _  |    ___|_     _|       |   |   |   |   |_| |   |       | __ _ _
 |   |_| |   |___  |   | |       |   |   |   |       |   |       | \ \ \ \
 |    ___|    ___| |   | |      _|   |___|   |  _    |   |      _|  \ \ \ \
 |   |   |   |___  |   | |     |_|       |   | | |   |   |     |_    ) ) ) )
 |___|   |_______| |___| |_______|_______|___|_|  |__|___|_______|  / / / /
 ==================================================================/_/_/_/

:: Built with Spring Boot :: 3.5.0


2026-01-06T16:17:54.204+05:30  INFO 20188 --- [           main] o.s.s.petclinic.PetClinicApplication     : Starting PetClinicApplication using Java 21.0.3 with PID 20188 (C:\Development\codebase\spring-petclinic-main\target\classes started by SHVikram in c:\Development\codebase\spring-petclinic-main)
2026-01-06T16:17:54.210+05:30  INFO 20188 --- [           main] o.s.s.petclinic.PetClinicApplication     : No active profile set, falling back to 1 default profile: "default"
2026-01-06T16:17:57.002+05:30  INFO 20188 --- [           main] .s.d.r.c.RepositoryConfigurationDelegate : Bootstrapping Spring Data JPA repositories in DEFAULT mode.
2026-01-06T16:17:57.579+05:30  INFO 20188 --- [           main] .s.d.r.c.RepositoryConfigurationDelegate : Finished Spring Data repository scanning in 548 ms. Found 3 JPA repository interfaces.
2026-01-06T16:17:59.207+05:30  INFO 20188 --- [           main] o.s.b.w.embedded.tomcat.TomcatWebServer  : Tomcat initialized with port 443 (https)
2026-01-06T16:17:59.243+05:30  INFO 20188 --- [           main] o.apache.catalina.core.StandardService   : Starting service [Tomcat]
2026-01-06T16:17:59.243+05:30  INFO 20188 --- [           main] o.apache.catalina.core.StandardEngine    : Starting Servlet engine: [Apache Tomcat/10.1.41]
2026-01-06T16:17:59.969+05:30  INFO 20188 --- [           main] o.a.c.c.C.[Tomcat].[localhost].[/]       : Initializing Spring embedded WebApplicationContext
2026-01-06T16:17:59.970+05:30  INFO 20188 --- [           main] w.s.c.ServletWebServerApplicationContext : Root WebApplicationContext: initialization completed in 5633 ms
2026-01-06T16:18:00.441+05:30  INFO 20188 --- [           main] com.zaxxer.hikari.HikariDataSource       : HikariPool-1 - Starting...
2026-01-06T16:18:01.096+05:30  INFO 20188 --- [           main] com.zaxxer.hikari.pool.HikariPool        : HikariPool-1 - Added connection conn0: url=jdbc:h2:mem:d92f2895-7887-42c8-a13b-54f86ce482b0 user=SA
2026-01-06T16:18:01.100+05:30  INFO 20188 --- [           main] com.zaxxer.hikari.HikariDataSource       : HikariPool-1 - Start completed.
2026-01-06T16:18:01.409+05:30  INFO 20188 --- [           main] o.hibernate.jpa.internal.util.LogHelper  : HHH000204: Processing PersistenceUnitInfo [name: default]
2026-01-06T16:18:01.649+05:30  INFO 20188 --- [           main] org.hibernate.Version                    : HHH000412: Hibernate ORM core version 6.6.15.Final
2026-01-06T16:18:01.779+05:30  INFO 20188 --- [           main] o.h.c.internal.RegionFactoryInitiator    : HHH000026: Second-level cache disabled
2026-01-06T16:18:02.938+05:30  INFO 20188 --- [           main] o.s.o.j.p.SpringPersistenceUnitInfo      : No LoadTimeWeaver setup: ignoring JPA class transformer
2026-01-06T16:18:03.206+05:30  INFO 20188 --- [           main] org.hibernate.orm.connections.pooling    : HHH10001005: Database info:
	Database JDBC URL [Connecting through datasource 'HikariDataSource (HikariPool-1)']
	Database driver: undefined/unknown
	Database version: 2.3.232
	Autocommit mode: undefined/unknown
	Isolation level: undefined/unknown
	Minimum pool size: undefined/unknown
	Maximum pool size: undefined/unknown
2026-01-06T16:18:06.663+05:30  INFO 20188 --- [           main] o.h.e.t.j.p.i.JtaPlatformInitiator       : HHH000489: No JTA platform available (set 'hibernate.transaction.jta.platform' to enable JTA platform integration)
2026-01-06T16:18:06.672+05:30  INFO 20188 --- [           main] j.LocalContainerEntityManagerFactoryBean : Initialized JPA EntityManagerFactory for persistence unit 'default'
2026-01-06T16:18:07.360+05:30  INFO 20188 --- [           main] o.s.d.j.r.query.QueryEnhancerFactory     : Hibernate is in classpath; If applicable, HQL parser will be used.
2026-01-06T16:18:08.345+05:30  INFO 20188 --- [           main] o.s.s.petclinic.system.SslConfiguration  : SSL Configuration initialized
2026-01-06T16:18:09.796+05:30  INFO 20188 --- [           main] o.s.b.a.e.web.EndpointLinksResolver      : Exposing 13 endpoints beneath base path '/actuator'
2026-01-06T16:18:09.942+05:30  WARN 20188 --- [           main] ConfigServletWebServerApplicationContext : Exception encountered during context initialization - cancelling refresh attempt: org.springframework.context.ApplicationContextException: Failed to start bean 'webServerStartStop'
2026-01-06T16:18:09.945+05:30  INFO 20188 --- [           main] j.LocalContainerEntityManagerFactoryBean : Closing JPA EntityManagerFactory for persistence unit 'default'
2026-01-06T16:18:09.948+05:30  INFO 20188 --- [           main] com.zaxxer.hikari.HikariDataSource       : HikariPool-1 - Shutdown initiated...
2026-01-06T16:18:09.950+05:30  INFO 20188 --- [           main] com.zaxxer.hikari.HikariDataSource       : HikariPool-1 - Shutdown completed.
2026-01-06T16:18:09.971+05:30  INFO 20188 --- [           main] .s.b.a.l.ConditionEvaluationReportLogger : 

Error starting ApplicationContext. To display the condition evaluation report re-run your application with 'debug' enabled.
2026-01-06T16:18:10.035+05:30 ERROR 20188 --- [           main] o.s.b.d.LoggingFailureAnalysisReporter   : 

***************************
APPLICATION FAILED TO START
***************************

Description:

Web server failed to start. Port 443 was already in use.

Action:

Identify and stop the process that's listening on port 443 or configure this application to listen on another port.

[INFO] ------------------------------------------------------------------------
[INFO] BUILD FAILURE
[INFO] ------------------------------------------------------------------------
[INFO] Total time:  36.802 s
[INFO] Finished at: 2026-01-06T16:18:10+05:30
[INFO] ------------------------------------------------------------------------
[ERROR] Failed to execute goal org.springframework.boot:spring-boot-maven-plugin:3.5.0:run (default-cli) on project spring-petclinic: Process terminated with exit code: 1 -> [Help 1]
[ERROR] 
[ERROR] To see the full stack trace of the errors, re-run Maven with the -e switch.
[ERROR] Re-run Maven using the -X switch to enable full debug logging.
[ERROR] 
[ERROR] For more information about the errors and possible solutions, please read the following articles:
[ERROR] [Help 1] http://cwiki.apache.org/confluence/display/MAVEN/MojoExecutionException
